<?xml version="1.0" encoding="UTF-8"?>
<testng-results ignored="0" total="1" passed="1" failed="0" skipped="0">
  <reporter-output>
  </reporter-output>
  <suite started-at="2026-05-24T17:34:02 IST" name="Surefire suite" finished-at="2026-05-24T17:34:21 IST" duration-ms="19397">
    <groups>
    </groups>
    <test started-at="2026-05-24T17:34:02 IST" name="Surefire test" finished-at="2026-05-24T17:34:21 IST" duration-ms="19397">
      <class name="tests.LoginTest">
        <test-method is-config="true" signature="setup()[pri:0, instance:tests.LoginTest@6ca8564a]" started-at="2026-05-24T17:34:02 IST" name="setup" finished-at="2026-05-24T17:34:19 IST" duration-ms="16599" status="PASS">
          <reporter-output>
          </reporter-output>
        </test-method> <!-- setup -->
        <test-method signature="verifyLoginTest()[pri:0, instance:tests.LoginTest@6ca8564a]" started-at="2026-05-24T17:34:19 IST" name="verifyLoginTest" finished-at="2026-05-24T17:34:21 IST" duration-ms="2518" status="PASS">
          <reporter-output>
          </reporter-output>
        </test-method> <!-- verifyLoginTest -->
        <test-method is-config="true" signature="tearDown()[pri:0, instance:tests.LoginTest@6ca8564a]" started-at="2026-05-24T17:34:21 IST" name="tearDown" finished-at="2026-05-24T17:34:21 IST" duration-ms="250" status="PASS">
          <reporter-output>
          </reporter-output>
        </test-method> <!-- tearDown -->
      </class> <!-- tests.LoginTest -->
    </test> <!-- Surefire test -->
  </suite> <!-- Surefire suite -->
</testng-results>
